<?xml version="1.0" encoding="UTF-8"?>
<testng-results skipped="0" failed="0" ignored="0" total="1" passed="1">
  <reporter-output>
  </reporter-output>
  <suite name="Default suite" duration-ms="5880" started-at="2018-07-16T01:24:42Z" finished-at="2018-07-16T01:24:48Z">
    <groups>
    </groups>
    <test name="Default test" duration-ms="5880" started-at="2018-07-16T01:24:42Z" finished-at="2018-07-16T01:24:48Z">
      <class name="logintest.LoginTest">
        <test-method status="PASS" signature="openChrome()[pri:0, instance:logintest.LoginTest@ea1a8d5]" name="openChrome" is-config="true" duration-ms="1962" started-at="2018-07-16T01:24:42Z" finished-at="2018-07-16T01:24:44Z">
          <reporter-output>
          </reporter-output>
        </test-method> <!-- openChrome -->
        <test-method status="PASS" signature="openURL()[pri:0, instance:logintest.LoginTest@ea1a8d5]" name="openURL" is-config="true" duration-ms="2070" started-at="2018-07-16T01:24:44Z" finished-at="2018-07-16T01:24:46Z">
          <reporter-output>
          </reporter-output>
        </test-method> <!-- openURL -->
        <test-method status="PASS" signature="test_login()[pri:0, instance:logintest.LoginTest@ea1a8d5]" name="test_login" duration-ms="1725" started-at="2018-07-16T01:24:46Z" finished-at="2018-07-16T01:24:48Z">
          <reporter-output>
          </reporter-output>
        </test-method> <!-- test_login -->
        <test-method status="PASS" signature="close()[pri:0, instance:logintest.LoginTest@ea1a8d5]" name="close" is-config="true" duration-ms="103" started-at="2018-07-16T01:24:48Z" finished-at="2018-07-16T01:24:48Z">
          <reporter-output>
          </reporter-output>
        </test-method> <!-- close -->
      </class> <!-- logintest.LoginTest -->
    </test> <!-- Default test -->
  </suite> <!-- Default suite -->
</testng-results>
