<?xml version="1.0" encoding="UTF-8"?>
<testng-results skipped="0" failed="0" ignored="0" total="1" passed="1">
  <reporter-output>
  </reporter-output>
  <suite name="Default suite" duration-ms="26482" started-at="2018-07-16T07:06:59Z" finished-at="2018-07-16T07:07:26Z">
    <groups>
    </groups>
    <test name="Default test" duration-ms="26482" started-at="2018-07-16T07:06:59Z" finished-at="2018-07-16T07:07:26Z">
      <class name="logintest.SignUpAndLoginTest">
        <test-method status="PASS" signature="openChrome()[pri:0, instance:logintest.SignUpAndLoginTest@ea1a8d5]" name="openChrome" is-config="true" duration-ms="1592" started-at="2018-07-16T07:06:59Z" finished-at="2018-07-16T07:07:01Z">
          <reporter-output>
          </reporter-output>
        </test-method> <!-- openChrome -->
        <test-method status="PASS" signature="openURL()[pri:0, instance:logintest.SignUpAndLoginTest@ea1a8d5]" name="openURL" is-config="true" duration-ms="5421" started-at="2018-07-16T07:07:01Z" finished-at="2018-07-16T07:07:06Z">
          <reporter-output>
          </reporter-output>
        </test-method> <!-- openURL -->
        <test-method status="PASS" signature="test_login()[pri:0, instance:logintest.SignUpAndLoginTest@ea1a8d5]" name="test_login" duration-ms="19326" started-at="2018-07-16T07:07:06Z" finished-at="2018-07-16T07:07:26Z">
          <reporter-output>
          </reporter-output>
        </test-method> <!-- test_login -->
        <test-method status="PASS" signature="close()[pri:0, instance:logintest.SignUpAndLoginTest@ea1a8d5]" name="close" is-config="true" duration-ms="118" started-at="2018-07-16T07:07:26Z" finished-at="2018-07-16T07:07:26Z">
          <reporter-output>
          </reporter-output>
        </test-method> <!-- close -->
      </class> <!-- logintest.SignUpAndLoginTest -->
    </test> <!-- Default test -->
  </suite> <!-- Default suite -->
</testng-results>
